pan: ltl formula permitted_states
Depth= 1960659 States=    1e+06 Transitions= 1.87e+06 Memory= 83537.656	t=     0.91 R=   1e+06
Depth= 3478417 States=    2e+06 Transitions= 3.96e+06 Memory= 83573.692	t=     1.93 R=   1e+06
Depth= 4974702 States=    3e+06 Transitions= 6.29e+06 Memory= 83608.945	t=     3.09 R=   1e+06
Depth= 5968410 States=    4e+06 Transitions=    9e+06 Memory= 83642.832	t=     4.43 R=   9e+05
Depth= 6741644 States=    5e+06 Transitions= 1.17e+07 Memory= 83676.328	t=     5.77 R=   9e+05
Depth= 7340280 States=    6e+06 Transitions= 1.44e+07 Memory= 83709.141	t=      7.1 R=   8e+05
Depth= 7605035 States=    7e+06 Transitions= 1.72e+07 Memory= 83740.879	t=     8.47 R=   8e+05
Depth= 7811827 States=    8e+06 Transitions= 1.99e+07 Memory= 83772.422	t=      9.8 R=   8e+05
Depth= 7832788 States=    9e+06 Transitions= 2.27e+07 Memory= 83803.281	t=     11.1 R=   8e+05
Depth= 7832788 States=    1e+07 Transitions= 2.55e+07 Memory= 83833.945	t=     12.6 R=   8e+05
Depth= 7832788 States=  1.1e+07 Transitions= 2.86e+07 Memory= 83864.707	t=     14.1 R=   8e+05
Depth= 7832788 States=  1.2e+07 Transitions=  3.2e+07 Memory= 83895.469	t=       16 R=   8e+05
Depth= 7832788 States=  1.3e+07 Transitions= 3.54e+07 Memory= 83926.231	t=     17.8 R=   7e+05

(Spin Version 6.5.2 -- 6 December 2019)
	+ Partial Order Reduction
	+ Compression

Full statespace search for:
	never claim         	+ (permitted_states)
	assertion violations	+ (if within scope of claim)
	acceptance   cycles 	+ (fairness disabled)
	invalid end states	- (disabled by never claim)

State-vector 64 byte, depth reached 7832788, errors: 0
 13588044 states, stored
 23549970 states, matched
 37138014 transitions (= stored+matched)
1.4313765e+08 atomic steps
hash conflicts:     84262 (resolved)

Stats on memory usage (in Megabytes):
 1192.188	equivalent memory usage for states (stored*(State-vector + overhead))
  446.803	actual memory usage for states (compression: 37.48%)
         	state-vector as stored = 6 byte + 28 byte overhead
 8192.000	memory used for hash table (-w30)
75305.617	memory used for DFS stack (-m1410065408)
83944.297	total actual memory usage


nr of templates: [ 0:globals 1:chans 2:procs ]
collapse counts: [ 0:102341 2:100208 ]
unreached in proctype proc
	mesi.i:228, state 19, "message.addr = CACHES[_pid].lines[(inst.addr&(1-1))].tag"
	mesi.i:228, state 218, "message.addr = CACHES[_pid].lines[(inst.addr&(1-1))].tag"
	mesi.i:447, state 323, "-end-"
	(3 of 323 states)
unreached in claim permitted_states
	_spin_nvr.tmp:8, state 10, "-end-"
	(1 of 10 states)
unreached in claim modified_implies_others_invalid
	_spin_nvr.tmp:17, state 10, "-end-"
	(1 of 10 states)
unreached in claim exclusive_implies_others_invalid
	_spin_nvr.tmp:26, state 10, "-end-"
	(1 of 10 states)
unreached in claim shared_implies_others_shared_or_invalid
	_spin_nvr.tmp:35, state 10, "-end-"
	(1 of 10 states)
unreached in claim validate_memory
	_spin_nvr.tmp:46, state 18, "((MAIN_MEMORY[0]==1))"
	_spin_nvr.tmp:46, state 18, "(1)"
	_spin_nvr.tmp:51, state 26, "((MAIN_MEMORY[0]==0))"
	_spin_nvr.tmp:51, state 26, "(1)"
	_spin_nvr.tmp:56, state 30, "-end-"
	(3 of 30 states)
unreached in claim validate_cache_state
	_spin_nvr.tmp:79, state 54, "((((CACHES[0].lines[0].state==1)&&(CACHES[0].lines[0].state==2))&&(CACHES[0].lines[0].state==3)))"
	_spin_nvr.tmp:79, state 54, "(((CACHES[0].lines[0].state==1)&&(CACHES[0].lines[0].state==2)))"
	_spin_nvr.tmp:79, state 54, "(((CACHES[0].lines[0].state==1)&&(CACHES[0].lines[0].state==3)))"
	_spin_nvr.tmp:79, state 54, "((CACHES[0].lines[0].state==1))"
	_spin_nvr.tmp:79, state 54, "(((CACHES[0].lines[0].state==2)&&(CACHES[0].lines[0].state==3)))"
	_spin_nvr.tmp:79, state 54, "((CACHES[0].lines[0].state==2))"
	_spin_nvr.tmp:79, state 54, "((CACHES[0].lines[0].state==3))"
	_spin_nvr.tmp:79, state 54, "(1)"
	_spin_nvr.tmp:90, state 66, "(((CACHES[0].lines[0].state==2)&&(CACHES[0].lines[0].state==3)))"
	_spin_nvr.tmp:90, state 66, "((CACHES[0].lines[0].state==2))"
	_spin_nvr.tmp:90, state 66, "((CACHES[0].lines[0].state==3))"
	_spin_nvr.tmp:90, state 66, "(1)"
	_spin_nvr.tmp:97, state 86, "((((CACHES[0].lines[0].state==0)&&(CACHES[0].lines[0].state==2))&&(CACHES[0].lines[0].state==3)))"
	_spin_nvr.tmp:97, state 86, "(((CACHES[0].lines[0].state==0)&&(CACHES[0].lines[0].state==2)))"
	_spin_nvr.tmp:97, state 86, "(((CACHES[0].lines[0].state==0)&&(CACHES[0].lines[0].state==3)))"
	_spin_nvr.tmp:97, state 86, "((CACHES[0].lines[0].state==0))"
	_spin_nvr.tmp:97, state 86, "(((CACHES[0].lines[0].state==2)&&(CACHES[0].lines[0].state==3)))"
	_spin_nvr.tmp:97, state 86, "((CACHES[0].lines[0].state==2))"
	_spin_nvr.tmp:97, state 86, "((CACHES[0].lines[0].state==3))"
	_spin_nvr.tmp:97, state 86, "(1)"
	_spin_nvr.tmp:108, state 94, "((CACHES[0].lines[0].state==3))"
	_spin_nvr.tmp:108, state 94, "(1)"
	_spin_nvr.tmp:113, state 106, "(((CACHES[0].lines[0].state==1)&&(CACHES[0].lines[0].state==3)))"
	_spin_nvr.tmp:113, state 106, "((CACHES[0].lines[0].state==1))"
	_spin_nvr.tmp:113, state 106, "((CACHES[0].lines[0].state==3))"
	_spin_nvr.tmp:113, state 106, "(1)"
	_spin_nvr.tmp:120, state 118, "(((CACHES[0].lines[0].state==0)&&(CACHES[0].lines[0].state==3)))"
	_spin_nvr.tmp:120, state 118, "((CACHES[0].lines[0].state==0))"
	_spin_nvr.tmp:120, state 118, "((CACHES[0].lines[0].state==3))"
	_spin_nvr.tmp:120, state 118, "(1)"
	_spin_nvr.tmp:127, state 138, "((((CACHES[0].lines[0].state==0)&&(CACHES[0].lines[0].state==1))&&(CACHES[0].lines[0].state==3)))"
	_spin_nvr.tmp:127, state 138, "(((CACHES[0].lines[0].state==0)&&(CACHES[0].lines[0].state==1)))"
	_spin_nvr.tmp:127, state 138, "(((CACHES[0].lines[0].state==0)&&(CACHES[0].lines[0].state==3)))"
	_spin_nvr.tmp:127, state 138, "((CACHES[0].lines[0].state==0))"
	_spin_nvr.tmp:127, state 138, "(((CACHES[0].lines[0].state==1)&&(CACHES[0].lines[0].state==3)))"
	_spin_nvr.tmp:127, state 138, "((CACHES[0].lines[0].state==1))"
	_spin_nvr.tmp:127, state 138, "((CACHES[0].lines[0].state==3))"
	_spin_nvr.tmp:127, state 138, "(1)"
	_spin_nvr.tmp:138, state 146, "((CACHES[0].lines[0].state==2))"
	_spin_nvr.tmp:138, state 146, "(1)"
	_spin_nvr.tmp:143, state 154, "((CACHES[0].lines[0].state==1))"
	_spin_nvr.tmp:143, state 154, "(1)"
	_spin_nvr.tmp:148, state 166, "(((CACHES[0].lines[0].state==1)&&(CACHES[0].lines[0].state==2)))"
	_spin_nvr.tmp:148, state 166, "((CACHES[0].lines[0].state==1))"
	_spin_nvr.tmp:148, state 166, "((CACHES[0].lines[0].state==2))"
	_spin_nvr.tmp:148, state 166, "(1)"
	_spin_nvr.tmp:155, state 174, "((CACHES[0].lines[0].state==0))"
	_spin_nvr.tmp:155, state 174, "(1)"
	_spin_nvr.tmp:160, state 186, "(((CACHES[0].lines[0].state==0)&&(CACHES[0].lines[0].state==2)))"
	_spin_nvr.tmp:160, state 186, "((CACHES[0].lines[0].state==0))"
	_spin_nvr.tmp:160, state 186, "((CACHES[0].lines[0].state==2))"
	_spin_nvr.tmp:160, state 186, "(1)"
	_spin_nvr.tmp:167, state 198, "(((CACHES[0].lines[0].state==0)&&(CACHES[0].lines[0].state==1)))"
	_spin_nvr.tmp:167, state 198, "((CACHES[0].lines[0].state==0))"
	_spin_nvr.tmp:167, state 198, "((CACHES[0].lines[0].state==1))"
	_spin_nvr.tmp:167, state 198, "(1)"
	_spin_nvr.tmp:174, state 218, "((((CACHES[0].lines[0].state==0)&&(CACHES[0].lines[0].state==1))&&(CACHES[0].lines[0].state==2)))"
	_spin_nvr.tmp:174, state 218, "(((CACHES[0].lines[0].state==0)&&(CACHES[0].lines[0].state==1)))"
	_spin_nvr.tmp:174, state 218, "(((CACHES[0].lines[0].state==0)&&(CACHES[0].lines[0].state==2)))"
	_spin_nvr.tmp:174, state 218, "((CACHES[0].lines[0].state==0))"
	_spin_nvr.tmp:174, state 218, "(((CACHES[0].lines[0].state==1)&&(CACHES[0].lines[0].state==2)))"
	_spin_nvr.tmp:174, state 218, "((CACHES[0].lines[0].state==1))"
	_spin_nvr.tmp:174, state 218, "((CACHES[0].lines[0].state==2))"
	_spin_nvr.tmp:174, state 218, "(1)"
	_spin_nvr.tmp:185, state 222, "-end-"
	(15 of 222 states)
unreached in claim validate_cache_tag
	_spin_nvr.tmp:196, state 18, "((CACHES[0].lines[0].tag==0))"
	_spin_nvr.tmp:196, state 18, "(1)"
	_spin_nvr.tmp:201, state 26, "((CACHES[0].lines[0].tag!=0))"
	_spin_nvr.tmp:201, state 26, "(1)"
	_spin_nvr.tmp:206, state 30, "-end-"
	(3 of 30 states)
unreached in claim validate_cache_data
	_spin_nvr.tmp:217, state 18, "((CACHES[0].lines[0].data==1))"
	_spin_nvr.tmp:217, state 18, "(1)"
	_spin_nvr.tmp:222, state 26, "((CACHES[0].lines[0].data==0))"
	_spin_nvr.tmp:222, state 26, "(1)"
	_spin_nvr.tmp:227, state 30, "-end-"
	(3 of 30 states)
unreached in claim validate_bus
	_spin_nvr.tmp:266, state 102, "(((((BUS.op==1)&&(BUS.op==2))&&(BUS.op==3))&&(BUS.op==4)))"
	_spin_nvr.tmp:266, state 102, "((((BUS.op==1)&&(BUS.op==2))&&(BUS.op==3)))"
	_spin_nvr.tmp:266, state 102, "((((BUS.op==1)&&(BUS.op==3))&&(BUS.op==4)))"
	_spin_nvr.tmp:266, state 102, "(((BUS.op==1)&&(BUS.op==3)))"
	_spin_nvr.tmp:266, state 102, "((((BUS.op==1)&&(BUS.op==2))&&(BUS.op==4)))"
	_spin_nvr.tmp:266, state 102, "(((BUS.op==1)&&(BUS.op==2)))"
	_spin_nvr.tmp:266, state 102, "(((BUS.op==1)&&(BUS.op==4)))"
	_spin_nvr.tmp:266, state 102, "((BUS.op==1))"
	_spin_nvr.tmp:266, state 102, "((((BUS.op==2)&&(BUS.op==3))&&(BUS.op==4)))"
	_spin_nvr.tmp:266, state 102, "(((BUS.op==2)&&(BUS.op==3)))"
	_spin_nvr.tmp:266, state 102, "(((BUS.op==2)&&(BUS.op==4)))"
	_spin_nvr.tmp:266, state 102, "((BUS.op==2))"
	_spin_nvr.tmp:266, state 102, "(((BUS.op==3)&&(BUS.op==4)))"
	_spin_nvr.tmp:266, state 102, "((BUS.op==3))"
	_spin_nvr.tmp:266, state 102, "((BUS.op==4))"
	_spin_nvr.tmp:266, state 102, "(1)"
	_spin_nvr.tmp:285, state 122, "((((BUS.op==2)&&(BUS.op==3))&&(BUS.op==4)))"
	_spin_nvr.tmp:285, state 122, "(((BUS.op==2)&&(BUS.op==3)))"
	_spin_nvr.tmp:285, state 122, "(((BUS.op==2)&&(BUS.op==4)))"
	_spin_nvr.tmp:285, state 122, "((BUS.op==2))"
	_spin_nvr.tmp:285, state 122, "(((BUS.op==3)&&(BUS.op==4)))"
	_spin_nvr.tmp:285, state 122, "((BUS.op==3))"
	_spin_nvr.tmp:285, state 122, "((BUS.op==4))"
	_spin_nvr.tmp:285, state 122, "(1)"
	_spin_nvr.tmp:296, state 158, "(((((BUS.op==0)&&(BUS.op==2))&&(BUS.op==3))&&(BUS.op==4)))"
	_spin_nvr.tmp:296, state 158, "((((BUS.op==0)&&(BUS.op==2))&&(BUS.op==3)))"
	_spin_nvr.tmp:296, state 158, "((((BUS.op==0)&&(BUS.op==3))&&(BUS.op==4)))"
	_spin_nvr.tmp:296, state 158, "(((BUS.op==0)&&(BUS.op==3)))"
	_spin_nvr.tmp:296, state 158, "((((BUS.op==0)&&(BUS.op==2))&&(BUS.op==4)))"
	_spin_nvr.tmp:296, state 158, "(((BUS.op==0)&&(BUS.op==2)))"
	_spin_nvr.tmp:296, state 158, "(((BUS.op==0)&&(BUS.op==4)))"
	_spin_nvr.tmp:296, state 158, "((BUS.op==0))"
	_spin_nvr.tmp:296, state 158, "((((BUS.op==2)&&(BUS.op==3))&&(BUS.op==4)))"
	_spin_nvr.tmp:296, state 158, "(((BUS.op==2)&&(BUS.op==3)))"
	_spin_nvr.tmp:296, state 158, "(((BUS.op==2)&&(BUS.op==4)))"
	_spin_nvr.tmp:296, state 158, "((BUS.op==2))"
	_spin_nvr.tmp:296, state 158, "(((BUS.op==3)&&(BUS.op==4)))"
	_spin_nvr.tmp:296, state 158, "((BUS.op==3))"
	_spin_nvr.tmp:296, state 158, "((BUS.op==4))"
	_spin_nvr.tmp:296, state 158, "(1)"
	_spin_nvr.tmp:315, state 170, "(((BUS.op==3)&&(BUS.op==4)))"
	_spin_nvr.tmp:315, state 170, "((BUS.op==3))"
	_spin_nvr.tmp:315, state 170, "((BUS.op==4))"
	_spin_nvr.tmp:315, state 170, "(1)"
	_spin_nvr.tmp:322, state 190, "((((BUS.op==1)&&(BUS.op==3))&&(BUS.op==4)))"
	_spin_nvr.tmp:322, state 190, "(((BUS.op==1)&&(BUS.op==3)))"
	_spin_nvr.tmp:322, state 190, "(((BUS.op==1)&&(BUS.op==4)))"
	_spin_nvr.tmp:322, state 190, "((BUS.op==1))"
	_spin_nvr.tmp:322, state 190, "(((BUS.op==3)&&(BUS.op==4)))"
	_spin_nvr.tmp:322, state 190, "((BUS.op==3))"
	_spin_nvr.tmp:322, state 190, "((BUS.op==4))"
	_spin_nvr.tmp:322, state 190, "(1)"
	_spin_nvr.tmp:333, state 210, "((((BUS.op==0)&&(BUS.op==3))&&(BUS.op==4)))"
	_spin_nvr.tmp:333, state 210, "(((BUS.op==0)&&(BUS.op==3)))"
	_spin_nvr.tmp:333, state 210, "(((BUS.op==0)&&(BUS.op==4)))"
	_spin_nvr.tmp:333, state 210, "((BUS.op==0))"
	_spin_nvr.tmp:333, state 210, "(((BUS.op==3)&&(BUS.op==4)))"
	_spin_nvr.tmp:333, state 210, "((BUS.op==3))"
	_spin_nvr.tmp:333, state 210, "((BUS.op==4))"
	_spin_nvr.tmp:333, state 210, "(1)"
	_spin_nvr.tmp:344, state 246, "(((((BUS.op==0)&&(BUS.op==1))&&(BUS.op==3))&&(BUS.op==4)))"
	_spin_nvr.tmp:344, state 246, "((((BUS.op==0)&&(BUS.op==1))&&(BUS.op==3)))"
	_spin_nvr.tmp:344, state 246, "((((BUS.op==0)&&(BUS.op==3))&&(BUS.op==4)))"
	_spin_nvr.tmp:344, state 246, "(((BUS.op==0)&&(BUS.op==3)))"
	_spin_nvr.tmp:344, state 246, "((((BUS.op==0)&&(BUS.op==1))&&(BUS.op==4)))"
	_spin_nvr.tmp:344, state 246, "(((BUS.op==0)&&(BUS.op==1)))"
	_spin_nvr.tmp:344, state 246, "(((BUS.op==0)&&(BUS.op==4)))"
	_spin_nvr.tmp:344, state 246, "((BUS.op==0))"
	_spin_nvr.tmp:344, state 246, "((((BUS.op==1)&&(BUS.op==3))&&(BUS.op==4)))"
	_spin_nvr.tmp:344, state 246, "(((BUS.op==1)&&(BUS.op==3)))"
	_spin_nvr.tmp:344, state 246, "(((BUS.op==1)&&(BUS.op==4)))"
	_spin_nvr.tmp:344, state 246, "((BUS.op==1))"
	_spin_nvr.tmp:344, state 246, "(((BUS.op==3)&&(BUS.op==4)))"
	_spin_nvr.tmp:344, state 246, "((BUS.op==3))"
	_spin_nvr.tmp:344, state 246, "((BUS.op==4))"
	_spin_nvr.tmp:344, state 246, "(1)"
	_spin_nvr.tmp:363, state 254, "((BUS.op==4))"
	_spin_nvr.tmp:363, state 254, "(1)"
	_spin_nvr.tmp:368, state 266, "(((BUS.op==1)&&(BUS.op==4)))"
	_spin_nvr.tmp:368, state 266, "((BUS.op==1))"
	_spin_nvr.tmp:368, state 266, "((BUS.op==4))"
	_spin_nvr.tmp:368, state 266, "(1)"
	_spin_nvr.tmp:375, state 278, "(((BUS.op==2)&&(BUS.op==4)))"
	_spin_nvr.tmp:375, state 278, "((BUS.op==2))"
	_spin_nvr.tmp:375, state 278, "((BUS.op==4))"
	_spin_nvr.tmp:375, state 278, "(1)"
	_spin_nvr.tmp:382, state 298, "((((BUS.op==1)&&(BUS.op==2))&&(BUS.op==4)))"
	_spin_nvr.tmp:382, state 298, "(((BUS.op==1)&&(BUS.op==2)))"
	_spin_nvr.tmp:382, state 298, "(((BUS.op==1)&&(BUS.op==4)))"
	_spin_nvr.tmp:382, state 298, "((BUS.op==1))"
	_spin_nvr.tmp:382, state 298, "(((BUS.op==2)&&(BUS.op==4)))"
	_spin_nvr.tmp:382, state 298, "((BUS.op==2))"
	_spin_nvr.tmp:382, state 298, "((BUS.op==4))"
	_spin_nvr.tmp:382, state 298, "(1)"
	_spin_nvr.tmp:393, state 318, "((((BUS.op==0)&&(BUS.op==1))&&(BUS.op==4)))"
	_spin_nvr.tmp:393, state 318, "(((BUS.op==0)&&(BUS.op==1)))"
	_spin_nvr.tmp:393, state 318, "(((BUS.op==0)&&(BUS.op==4)))"
	_spin_nvr.tmp:393, state 318, "((BUS.op==0))"
	_spin_nvr.tmp:393, state 318, "(((BUS.op==1)&&(BUS.op==4)))"
	_spin_nvr.tmp:393, state 318, "((BUS.op==1))"
	_spin_nvr.tmp:393, state 318, "((BUS.op==4))"
	_spin_nvr.tmp:393, state 318, "(1)"
	_spin_nvr.tmp:404, state 354, "(((((BUS.op==0)&&(BUS.op==1))&&(BUS.op==2))&&(BUS.op==4)))"
	_spin_nvr.tmp:404, state 354, "((((BUS.op==0)&&(BUS.op==1))&&(BUS.op==2)))"
	_spin_nvr.tmp:404, state 354, "((((BUS.op==0)&&(BUS.op==2))&&(BUS.op==4)))"
	_spin_nvr.tmp:404, state 354, "(((BUS.op==0)&&(BUS.op==2)))"
	_spin_nvr.tmp:404, state 354, "((((BUS.op==0)&&(BUS.op==1))&&(BUS.op==4)))"
	_spin_nvr.tmp:404, state 354, "(((BUS.op==0)&&(BUS.op==1)))"
	_spin_nvr.tmp:404, state 354, "(((BUS.op==0)&&(BUS.op==4)))"
	_spin_nvr.tmp:404, state 354, "((BUS.op==0))"
	_spin_nvr.tmp:404, state 354, "((((BUS.op==1)&&(BUS.op==2))&&(BUS.op==4)))"
	_spin_nvr.tmp:404, state 354, "(((BUS.op==1)&&(BUS.op==2)))"
	_spin_nvr.tmp:404, state 354, "(((BUS.op==1)&&(BUS.op==4)))"
	_spin_nvr.tmp:404, state 354, "((BUS.op==1))"
	_spin_nvr.tmp:404, state 354, "(((BUS.op==2)&&(BUS.op==4)))"
	_spin_nvr.tmp:404, state 354, "((BUS.op==2))"
	_spin_nvr.tmp:404, state 354, "((BUS.op==4))"
	_spin_nvr.tmp:404, state 354, "(1)"
	_spin_nvr.tmp:423, state 362, "((BUS.op==3))"
	_spin_nvr.tmp:423, state 362, "(1)"
	_spin_nvr.tmp:428, state 370, "((BUS.op==1))"
	_spin_nvr.tmp:428, state 370, "(1)"
	_spin_nvr.tmp:433, state 382, "(((BUS.op==1)&&(BUS.op==3)))"
	_spin_nvr.tmp:433, state 382, "((BUS.op==1))"
	_spin_nvr.tmp:433, state 382, "((BUS.op==3))"
	_spin_nvr.tmp:433, state 382, "(1)"
	_spin_nvr.tmp:440, state 390, "((BUS.op==2))"
	_spin_nvr.tmp:440, state 390, "(1)"
	_spin_nvr.tmp:445, state 402, "(((BUS.op==2)&&(BUS.op==3)))"
	_spin_nvr.tmp:445, state 402, "((BUS.op==2))"
	_spin_nvr.tmp:445, state 402, "((BUS.op==3))"
	_spin_nvr.tmp:445, state 402, "(1)"
	_spin_nvr.tmp:452, state 414, "(((BUS.op==1)&&(BUS.op==2)))"
	_spin_nvr.tmp:452, state 414, "((BUS.op==1))"
	_spin_nvr.tmp:452, state 414, "((BUS.op==2))"
	_spin_nvr.tmp:452, state 414, "(1)"
	_spin_nvr.tmp:459, state 434, "((((BUS.op==1)&&(BUS.op==2))&&(BUS.op==3)))"
	_spin_nvr.tmp:459, state 434, "(((BUS.op==1)&&(BUS.op==3)))"
	_spin_nvr.tmp:459, state 434, "((BUS.op==1))"
	_spin_nvr.tmp:459, state 434, "(((BUS.op==2)&&(BUS.op==3)))"
	_spin_nvr.tmp:459, state 434, "((BUS.op==2))"
	_spin_nvr.tmp:459, state 434, "((BUS.op==3))"
	_spin_nvr.tmp:459, state 434, "(1)"
	_spin_nvr.tmp:459, state 434, "(((BUS.op==1)&&(BUS.op==2)))"
	_spin_nvr.tmp:470, state 446, "(((BUS.op==0)&&(BUS.op==3)))"
	_spin_nvr.tmp:470, state 446, "((BUS.op==0))"
	_spin_nvr.tmp:470, state 446, "((BUS.op==3))"
	_spin_nvr.tmp:470, state 446, "(1)"
	_spin_nvr.tmp:477, state 458, "(((BUS.op==0)&&(BUS.op==2)))"
	_spin_nvr.tmp:477, state 458, "((BUS.op==0))"
	_spin_nvr.tmp:477, state 458, "((BUS.op==2))"
	_spin_nvr.tmp:477, state 458, "(1)"
	_spin_nvr.tmp:484, state 478, "((((BUS.op==0)&&(BUS.op==2))&&(BUS.op==3)))"
	_spin_nvr.tmp:484, state 478, "(((BUS.op==0)&&(BUS.op==3)))"
	_spin_nvr.tmp:484, state 478, "((BUS.op==0))"
	_spin_nvr.tmp:484, state 478, "(((BUS.op==2)&&(BUS.op==3)))"
	_spin_nvr.tmp:484, state 478, "((BUS.op==2))"
	_spin_nvr.tmp:484, state 478, "((BUS.op==3))"
	_spin_nvr.tmp:484, state 478, "(1)"
	_spin_nvr.tmp:484, state 478, "(((BUS.op==0)&&(BUS.op==2)))"
	_spin_nvr.tmp:495, state 490, "(((BUS.op==0)&&(BUS.op==1)))"
	_spin_nvr.tmp:495, state 490, "((BUS.op==0))"
	_spin_nvr.tmp:495, state 490, "((BUS.op==1))"
	_spin_nvr.tmp:495, state 490, "(1)"
	_spin_nvr.tmp:502, state 510, "((((BUS.op==0)&&(BUS.op==1))&&(BUS.op==3)))"
	_spin_nvr.tmp:502, state 510, "(((BUS.op==0)&&(BUS.op==3)))"
	_spin_nvr.tmp:502, state 510, "((BUS.op==0))"
	_spin_nvr.tmp:502, state 510, "(((BUS.op==1)&&(BUS.op==3)))"
	_spin_nvr.tmp:502, state 510, "((BUS.op==1))"
	_spin_nvr.tmp:502, state 510, "((BUS.op==3))"
	_spin_nvr.tmp:502, state 510, "(1)"
	_spin_nvr.tmp:502, state 510, "(((BUS.op==0)&&(BUS.op==1)))"
	_spin_nvr.tmp:513, state 530, "((((BUS.op==0)&&(BUS.op==1))&&(BUS.op==2)))"
	_spin_nvr.tmp:513, state 530, "(((BUS.op==0)&&(BUS.op==1)))"
	_spin_nvr.tmp:513, state 530, "(((BUS.op==0)&&(BUS.op==2)))"
	_spin_nvr.tmp:513, state 530, "((BUS.op==0))"
	_spin_nvr.tmp:513, state 530, "(((BUS.op==1)&&(BUS.op==2)))"
	_spin_nvr.tmp:513, state 530, "((BUS.op==1))"
	_spin_nvr.tmp:513, state 530, "((BUS.op==2))"
	_spin_nvr.tmp:513, state 530, "(1)"
	_spin_nvr.tmp:524, state 566, "(((((BUS.op==0)&&(BUS.op==1))&&(BUS.op==2))&&(BUS.op==3)))"
	_spin_nvr.tmp:524, state 566, "((((BUS.op==0)&&(BUS.op==1))&&(BUS.op==2)))"
	_spin_nvr.tmp:524, state 566, "((((BUS.op==0)&&(BUS.op==2))&&(BUS.op==3)))"
	_spin_nvr.tmp:524, state 566, "(((BUS.op==0)&&(BUS.op==2)))"
	_spin_nvr.tmp:524, state 566, "((((BUS.op==0)&&(BUS.op==1))&&(BUS.op==3)))"
	_spin_nvr.tmp:524, state 566, "(((BUS.op==0)&&(BUS.op==1)))"
	_spin_nvr.tmp:524, state 566, "(((BUS.op==0)&&(BUS.op==3)))"
	_spin_nvr.tmp:524, state 566, "((BUS.op==0))"
	_spin_nvr.tmp:524, state 566, "((((BUS.op==1)&&(BUS.op==2))&&(BUS.op==3)))"
	_spin_nvr.tmp:524, state 566, "(((BUS.op==1)&&(BUS.op==2)))"
	_spin_nvr.tmp:524, state 566, "(((BUS.op==1)&&(BUS.op==3)))"
	_spin_nvr.tmp:524, state 566, "((BUS.op==1))"
	_spin_nvr.tmp:524, state 566, "(((BUS.op==2)&&(BUS.op==3)))"
	_spin_nvr.tmp:524, state 566, "((BUS.op==2))"
	_spin_nvr.tmp:524, state 566, "((BUS.op==3))"
	_spin_nvr.tmp:524, state 566, "(1)"
	_spin_nvr.tmp:543, state 574, "((BUS.op==0))"
	_spin_nvr.tmp:543, state 574, "(1)"
	_spin_nvr.tmp:548, state 586, "(((BUS.op==0)&&(BUS.op==4)))"
	_spin_nvr.tmp:548, state 586, "((BUS.op==0))"
	_spin_nvr.tmp:548, state 586, "((BUS.op==4))"
	_spin_nvr.tmp:548, state 586, "(1)"
	_spin_nvr.tmp:555, state 606, "((((BUS.op==0)&&(BUS.op==2))&&(BUS.op==4)))"
	_spin_nvr.tmp:555, state 606, "(((BUS.op==0)&&(BUS.op==2)))"
	_spin_nvr.tmp:555, state 606, "(((BUS.op==0)&&(BUS.op==4)))"
	_spin_nvr.tmp:555, state 606, "((BUS.op==0))"
	_spin_nvr.tmp:555, state 606, "(((BUS.op==2)&&(BUS.op==4)))"
	_spin_nvr.tmp:555, state 606, "((BUS.op==2))"
	_spin_nvr.tmp:555, state 606, "((BUS.op==4))"
	_spin_nvr.tmp:555, state 606, "(1)"
	_spin_nvr.tmp:566, state 610, "-end-"
	(31 of 610 states)

pan: elapsed time 18.8 seconds
pan: rate 723538.02 states/second
