pan: ltl formula permitted_states

(Spin Version 6.5.2 -- 6 December 2019)
	+ Partial Order Reduction
	+ Compression

Full statespace search for:
	never claim         	+ (permitted_states)
	assertion violations	+ (if within scope of claim)
	acceptance   cycles 	+ (fairness disabled)
	invalid end states	- (disabled by never claim)

State-vector 84 byte, depth reached 105251, errors: 0
   171824 states, stored
   269600 states, matched
   441424 transitions (= stored+matched)
   707676 atomic steps
hash conflicts:       102 (resolved)

Stats on memory usage (in Megabytes):
   18.353	equivalent memory usage for states (stored*(State-vector + overhead))
    7.238	actual memory usage for states (compression: 39.44%)
         	state-vector as stored = 16 byte + 28 byte overhead
 1024.000	memory used for hash table (-w27)
 5340.576	memory used for DFS stack (-m100000000)
 6371.803	total actual memory usage


nr of templates: [ 0:globals 1:chans 2:procs ]
collapse counts: [ 0:1151 2:23502 ]
unreached in proctype proc
	mesi.i:222, state 18, "message.addr = CACHES[_pid].lines[(inst.addr&(1-1))].tag"
	mesi.i:220, state 26, "((CACHES[_pid].lines[(inst.addr&(1-1))].state==3))"
	mesi.i:220, state 26, "else"
	mesi.i:222, state 78, "message.addr = CACHES[_pid].lines[(inst.addr&(1-1))].tag"
	mesi.i:220, state 86, "((CACHES[_pid].lines[(inst.addr&(1-1))].state==3))"
	mesi.i:220, state 86, "else"
	mesi.i:222, state 138, "message.addr = CACHES[_pid].lines[(inst.addr&(1-1))].tag"
	mesi.i:220, state 146, "((CACHES[_pid].lines[(inst.addr&(1-1))].state==3))"
	mesi.i:220, state 146, "else"
	mesi.i:267, state 204, "MAIN_MEMORY[message.addr] = CACHES[_pid].lines[(message.addr&(1-1))].data"
	mesi.i:222, state 213, "message.addr = CACHES[_pid].lines[(inst.addr&(1-1))].tag"
	mesi.i:220, state 221, "((CACHES[_pid].lines[(inst.addr&(1-1))].state==3))"
	mesi.i:220, state 221, "else"
	mesi.i:222, state 276, "message.addr = CACHES[_pid].lines[(inst.addr&(1-1))].tag"
	mesi.i:220, state 284, "((CACHES[_pid].lines[(inst.addr&(1-1))].state==3))"
	mesi.i:220, state 284, "else"
	mesi.i:405, state 318, "-end-"
	(12 of 318 states)
unreached in claim permitted_states
	_spin_nvr.tmp:8, state 10, "-end-"
	(1 of 10 states)
unreached in claim modified_implies_others_invalid
	_spin_nvr.tmp:17, state 10, "-end-"
	(1 of 10 states)
unreached in claim exclusive_implies_others_invalid
	_spin_nvr.tmp:26, state 10, "-end-"
	(1 of 10 states)
unreached in claim shared_implies_others_shared_or_invalid
	_spin_nvr.tmp:35, state 10, "-end-"
	(1 of 10 states)
unreached in claim validate_memory
	_spin_nvr.tmp:46, state 18, "((MAIN_MEMORY[0]==1))"
	_spin_nvr.tmp:46, state 18, "(1)"
	_spin_nvr.tmp:51, state 26, "((MAIN_MEMORY[0]==0))"
	_spin_nvr.tmp:51, state 26, "(1)"
	_spin_nvr.tmp:56, state 30, "-end-"
	(3 of 30 states)
unreached in claim validate_cache_state
	_spin_nvr.tmp:79, state 54, "((((CACHES[0].lines[0].state==1)&&(CACHES[0].lines[0].state==2))&&(CACHES[0].lines[0].state==3)))"
	_spin_nvr.tmp:79, state 54, "(((CACHES[0].lines[0].state==1)&&(CACHES[0].lines[0].state==2)))"
	_spin_nvr.tmp:79, state 54, "(((CACHES[0].lines[0].state==1)&&(CACHES[0].lines[0].state==3)))"
	_spin_nvr.tmp:79, state 54, "((CACHES[0].lines[0].state==1))"
	_spin_nvr.tmp:79, state 54, "(((CACHES[0].lines[0].state==2)&&(CACHES[0].lines[0].state==3)))"
	_spin_nvr.tmp:79, state 54, "((CACHES[0].lines[0].state==2))"
	_spin_nvr.tmp:79, state 54, "((CACHES[0].lines[0].state==3))"
	_spin_nvr.tmp:79, state 54, "(1)"
	_spin_nvr.tmp:90, state 66, "(((CACHES[0].lines[0].state==2)&&(CACHES[0].lines[0].state==3)))"
	_spin_nvr.tmp:90, state 66, "((CACHES[0].lines[0].state==2))"
	_spin_nvr.tmp:90, state 66, "((CACHES[0].lines[0].state==3))"
	_spin_nvr.tmp:90, state 66, "(1)"
	_spin_nvr.tmp:97, state 86, "((((CACHES[0].lines[0].state==0)&&(CACHES[0].lines[0].state==2))&&(CACHES[0].lines[0].state==3)))"
	_spin_nvr.tmp:97, state 86, "(((CACHES[0].lines[0].state==0)&&(CACHES[0].lines[0].state==2)))"
	_spin_nvr.tmp:97, state 86, "(((CACHES[0].lines[0].state==0)&&(CACHES[0].lines[0].state==3)))"
	_spin_nvr.tmp:97, state 86, "((CACHES[0].lines[0].state==0))"
	_spin_nvr.tmp:97, state 86, "(((CACHES[0].lines[0].state==2)&&(CACHES[0].lines[0].state==3)))"
	_spin_nvr.tmp:97, state 86, "((CACHES[0].lines[0].state==2))"
	_spin_nvr.tmp:97, state 86, "((CACHES[0].lines[0].state==3))"
	_spin_nvr.tmp:97, state 86, "(1)"
	_spin_nvr.tmp:108, state 94, "((CACHES[0].lines[0].state==3))"
	_spin_nvr.tmp:108, state 94, "(1)"
	_spin_nvr.tmp:113, state 106, "(((CACHES[0].lines[0].state==1)&&(CACHES[0].lines[0].state==3)))"
	_spin_nvr.tmp:113, state 106, "((CACHES[0].lines[0].state==1))"
	_spin_nvr.tmp:113, state 106, "((CACHES[0].lines[0].state==3))"
	_spin_nvr.tmp:113, state 106, "(1)"
	_spin_nvr.tmp:120, state 118, "(((CACHES[0].lines[0].state==0)&&(CACHES[0].lines[0].state==3)))"
	_spin_nvr.tmp:120, state 118, "((CACHES[0].lines[0].state==0))"
	_spin_nvr.tmp:120, state 118, "((CACHES[0].lines[0].state==3))"
	_spin_nvr.tmp:120, state 118, "(1)"
	_spin_nvr.tmp:127, state 138, "((((CACHES[0].lines[0].state==0)&&(CACHES[0].lines[0].state==1))&&(CACHES[0].lines[0].state==3)))"
	_spin_nvr.tmp:127, state 138, "(((CACHES[0].lines[0].state==0)&&(CACHES[0].lines[0].state==1)))"
	_spin_nvr.tmp:127, state 138, "(((CACHES[0].lines[0].state==0)&&(CACHES[0].lines[0].state==3)))"
	_spin_nvr.tmp:127, state 138, "((CACHES[0].lines[0].state==0))"
	_spin_nvr.tmp:127, state 138, "(((CACHES[0].lines[0].state==1)&&(CACHES[0].lines[0].state==3)))"
	_spin_nvr.tmp:127, state 138, "((CACHES[0].lines[0].state==1))"
	_spin_nvr.tmp:127, state 138, "((CACHES[0].lines[0].state==3))"
	_spin_nvr.tmp:127, state 138, "(1)"
	_spin_nvr.tmp:138, state 146, "((CACHES[0].lines[0].state==2))"
	_spin_nvr.tmp:138, state 146, "(1)"
	_spin_nvr.tmp:143, state 154, "((CACHES[0].lines[0].state==1))"
	_spin_nvr.tmp:143, state 154, "(1)"
	_spin_nvr.tmp:148, state 166, "(((CACHES[0].lines[0].state==1)&&(CACHES[0].lines[0].state==2)))"
	_spin_nvr.tmp:148, state 166, "((CACHES[0].lines[0].state==1))"
	_spin_nvr.tmp:148, state 166, "((CACHES[0].lines[0].state==2))"
	_spin_nvr.tmp:148, state 166, "(1)"
	_spin_nvr.tmp:155, state 174, "((CACHES[0].lines[0].state==0))"
	_spin_nvr.tmp:155, state 174, "(1)"
	_spin_nvr.tmp:160, state 186, "(((CACHES[0].lines[0].state==0)&&(CACHES[0].lines[0].state==2)))"
	_spin_nvr.tmp:160, state 186, "((CACHES[0].lines[0].state==0))"
	_spin_nvr.tmp:160, state 186, "((CACHES[0].lines[0].state==2))"
	_spin_nvr.tmp:160, state 186, "(1)"
	_spin_nvr.tmp:167, state 198, "(((CACHES[0].lines[0].state==0)&&(CACHES[0].lines[0].state==1)))"
	_spin_nvr.tmp:167, state 198, "((CACHES[0].lines[0].state==0))"
	_spin_nvr.tmp:167, state 198, "((CACHES[0].lines[0].state==1))"
	_spin_nvr.tmp:167, state 198, "(1)"
	_spin_nvr.tmp:174, state 218, "((((CACHES[0].lines[0].state==0)&&(CACHES[0].lines[0].state==1))&&(CACHES[0].lines[0].state==2)))"
	_spin_nvr.tmp:174, state 218, "(((CACHES[0].lines[0].state==0)&&(CACHES[0].lines[0].state==1)))"
	_spin_nvr.tmp:174, state 218, "(((CACHES[0].lines[0].state==0)&&(CACHES[0].lines[0].state==2)))"
	_spin_nvr.tmp:174, state 218, "((CACHES[0].lines[0].state==0))"
	_spin_nvr.tmp:174, state 218, "(((CACHES[0].lines[0].state==1)&&(CACHES[0].lines[0].state==2)))"
	_spin_nvr.tmp:174, state 218, "((CACHES[0].lines[0].state==1))"
	_spin_nvr.tmp:174, state 218, "((CACHES[0].lines[0].state==2))"
	_spin_nvr.tmp:174, state 218, "(1)"
	_spin_nvr.tmp:185, state 222, "-end-"
	(15 of 222 states)
unreached in claim validate_cache_data
	_spin_nvr.tmp:196, state 18, "((CACHES[0].lines[0].data==1))"
	_spin_nvr.tmp:196, state 18, "(1)"
	_spin_nvr.tmp:201, state 26, "((CACHES[0].lines[0].data==0))"
	_spin_nvr.tmp:201, state 26, "(1)"
	_spin_nvr.tmp:206, state 30, "-end-"
	(3 of 30 states)
unreached in claim validate_bus
	_spin_nvr.tmp:245, state 102, "(((((BUS.op==1)&&(BUS.op==2))&&(BUS.op==3))&&(BUS.op==4)))"
	_spin_nvr.tmp:245, state 102, "((((BUS.op==1)&&(BUS.op==2))&&(BUS.op==3)))"
	_spin_nvr.tmp:245, state 102, "((((BUS.op==1)&&(BUS.op==3))&&(BUS.op==4)))"
	_spin_nvr.tmp:245, state 102, "(((BUS.op==1)&&(BUS.op==3)))"
	_spin_nvr.tmp:245, state 102, "((((BUS.op==1)&&(BUS.op==2))&&(BUS.op==4)))"
	_spin_nvr.tmp:245, state 102, "(((BUS.op==1)&&(BUS.op==2)))"
	_spin_nvr.tmp:245, state 102, "(((BUS.op==1)&&(BUS.op==4)))"
	_spin_nvr.tmp:245, state 102, "((BUS.op==1))"
	_spin_nvr.tmp:245, state 102, "((((BUS.op==2)&&(BUS.op==3))&&(BUS.op==4)))"
	_spin_nvr.tmp:245, state 102, "(((BUS.op==2)&&(BUS.op==3)))"
	_spin_nvr.tmp:245, state 102, "(((BUS.op==2)&&(BUS.op==4)))"
	_spin_nvr.tmp:245, state 102, "((BUS.op==2))"
	_spin_nvr.tmp:245, state 102, "(((BUS.op==3)&&(BUS.op==4)))"
	_spin_nvr.tmp:245, state 102, "((BUS.op==3))"
	_spin_nvr.tmp:245, state 102, "((BUS.op==4))"
	_spin_nvr.tmp:245, state 102, "(1)"
	_spin_nvr.tmp:264, state 122, "((((BUS.op==2)&&(BUS.op==3))&&(BUS.op==4)))"
	_spin_nvr.tmp:264, state 122, "(((BUS.op==2)&&(BUS.op==3)))"
	_spin_nvr.tmp:264, state 122, "(((BUS.op==2)&&(BUS.op==4)))"
	_spin_nvr.tmp:264, state 122, "((BUS.op==2))"
	_spin_nvr.tmp:264, state 122, "(((BUS.op==3)&&(BUS.op==4)))"
	_spin_nvr.tmp:264, state 122, "((BUS.op==3))"
	_spin_nvr.tmp:264, state 122, "((BUS.op==4))"
	_spin_nvr.tmp:264, state 122, "(1)"
	_spin_nvr.tmp:275, state 158, "(((((BUS.op==0)&&(BUS.op==2))&&(BUS.op==3))&&(BUS.op==4)))"
	_spin_nvr.tmp:275, state 158, "((((BUS.op==0)&&(BUS.op==2))&&(BUS.op==3)))"
	_spin_nvr.tmp:275, state 158, "((((BUS.op==0)&&(BUS.op==3))&&(BUS.op==4)))"
	_spin_nvr.tmp:275, state 158, "(((BUS.op==0)&&(BUS.op==3)))"
	_spin_nvr.tmp:275, state 158, "((((BUS.op==0)&&(BUS.op==2))&&(BUS.op==4)))"
	_spin_nvr.tmp:275, state 158, "(((BUS.op==0)&&(BUS.op==2)))"
	_spin_nvr.tmp:275, state 158, "(((BUS.op==0)&&(BUS.op==4)))"
	_spin_nvr.tmp:275, state 158, "((BUS.op==0))"
	_spin_nvr.tmp:275, state 158, "((((BUS.op==2)&&(BUS.op==3))&&(BUS.op==4)))"
	_spin_nvr.tmp:275, state 158, "(((BUS.op==2)&&(BUS.op==3)))"
	_spin_nvr.tmp:275, state 158, "(((BUS.op==2)&&(BUS.op==4)))"
	_spin_nvr.tmp:275, state 158, "((BUS.op==2))"
	_spin_nvr.tmp:275, state 158, "(((BUS.op==3)&&(BUS.op==4)))"
	_spin_nvr.tmp:275, state 158, "((BUS.op==3))"
	_spin_nvr.tmp:275, state 158, "((BUS.op==4))"
	_spin_nvr.tmp:275, state 158, "(1)"
	_spin_nvr.tmp:294, state 170, "(((BUS.op==3)&&(BUS.op==4)))"
	_spin_nvr.tmp:294, state 170, "((BUS.op==3))"
	_spin_nvr.tmp:294, state 170, "((BUS.op==4))"
	_spin_nvr.tmp:294, state 170, "(1)"
	_spin_nvr.tmp:301, state 190, "((((BUS.op==1)&&(BUS.op==3))&&(BUS.op==4)))"
	_spin_nvr.tmp:301, state 190, "(((BUS.op==1)&&(BUS.op==3)))"
	_spin_nvr.tmp:301, state 190, "(((BUS.op==1)&&(BUS.op==4)))"
	_spin_nvr.tmp:301, state 190, "((BUS.op==1))"
	_spin_nvr.tmp:301, state 190, "(((BUS.op==3)&&(BUS.op==4)))"
	_spin_nvr.tmp:301, state 190, "((BUS.op==3))"
	_spin_nvr.tmp:301, state 190, "((BUS.op==4))"
	_spin_nvr.tmp:301, state 190, "(1)"
	_spin_nvr.tmp:312, state 210, "((((BUS.op==0)&&(BUS.op==3))&&(BUS.op==4)))"
	_spin_nvr.tmp:312, state 210, "(((BUS.op==0)&&(BUS.op==3)))"
	_spin_nvr.tmp:312, state 210, "(((BUS.op==0)&&(BUS.op==4)))"
	_spin_nvr.tmp:312, state 210, "((BUS.op==0))"
	_spin_nvr.tmp:312, state 210, "(((BUS.op==3)&&(BUS.op==4)))"
	_spin_nvr.tmp:312, state 210, "((BUS.op==3))"
	_spin_nvr.tmp:312, state 210, "((BUS.op==4))"
	_spin_nvr.tmp:312, state 210, "(1)"
	_spin_nvr.tmp:323, state 246, "(((((BUS.op==0)&&(BUS.op==1))&&(BUS.op==3))&&(BUS.op==4)))"
	_spin_nvr.tmp:323, state 246, "((((BUS.op==0)&&(BUS.op==1))&&(BUS.op==3)))"
	_spin_nvr.tmp:323, state 246, "((((BUS.op==0)&&(BUS.op==3))&&(BUS.op==4)))"
	_spin_nvr.tmp:323, state 246, "(((BUS.op==0)&&(BUS.op==3)))"
	_spin_nvr.tmp:323, state 246, "((((BUS.op==0)&&(BUS.op==1))&&(BUS.op==4)))"
	_spin_nvr.tmp:323, state 246, "(((BUS.op==0)&&(BUS.op==1)))"
	_spin_nvr.tmp:323, state 246, "(((BUS.op==0)&&(BUS.op==4)))"
	_spin_nvr.tmp:323, state 246, "((BUS.op==0))"
	_spin_nvr.tmp:323, state 246, "((((BUS.op==1)&&(BUS.op==3))&&(BUS.op==4)))"
	_spin_nvr.tmp:323, state 246, "(((BUS.op==1)&&(BUS.op==3)))"
	_spin_nvr.tmp:323, state 246, "(((BUS.op==1)&&(BUS.op==4)))"
	_spin_nvr.tmp:323, state 246, "((BUS.op==1))"
	_spin_nvr.tmp:323, state 246, "(((BUS.op==3)&&(BUS.op==4)))"
	_spin_nvr.tmp:323, state 246, "((BUS.op==3))"
	_spin_nvr.tmp:323, state 246, "((BUS.op==4))"
	_spin_nvr.tmp:323, state 246, "(1)"
	_spin_nvr.tmp:342, state 254, "((BUS.op==4))"
	_spin_nvr.tmp:342, state 254, "(1)"
	_spin_nvr.tmp:347, state 266, "(((BUS.op==1)&&(BUS.op==4)))"
	_spin_nvr.tmp:347, state 266, "((BUS.op==1))"
	_spin_nvr.tmp:347, state 266, "((BUS.op==4))"
	_spin_nvr.tmp:347, state 266, "(1)"
	_spin_nvr.tmp:354, state 278, "(((BUS.op==2)&&(BUS.op==4)))"
	_spin_nvr.tmp:354, state 278, "((BUS.op==2))"
	_spin_nvr.tmp:354, state 278, "((BUS.op==4))"
	_spin_nvr.tmp:354, state 278, "(1)"
	_spin_nvr.tmp:361, state 298, "((((BUS.op==1)&&(BUS.op==2))&&(BUS.op==4)))"
	_spin_nvr.tmp:361, state 298, "(((BUS.op==1)&&(BUS.op==2)))"
	_spin_nvr.tmp:361, state 298, "(((BUS.op==1)&&(BUS.op==4)))"
	_spin_nvr.tmp:361, state 298, "((BUS.op==1))"
	_spin_nvr.tmp:361, state 298, "(((BUS.op==2)&&(BUS.op==4)))"
	_spin_nvr.tmp:361, state 298, "((BUS.op==2))"
	_spin_nvr.tmp:361, state 298, "((BUS.op==4))"
	_spin_nvr.tmp:361, state 298, "(1)"
	_spin_nvr.tmp:372, state 318, "((((BUS.op==0)&&(BUS.op==1))&&(BUS.op==4)))"
	_spin_nvr.tmp:372, state 318, "(((BUS.op==0)&&(BUS.op==1)))"
	_spin_nvr.tmp:372, state 318, "(((BUS.op==0)&&(BUS.op==4)))"
	_spin_nvr.tmp:372, state 318, "((BUS.op==0))"
	_spin_nvr.tmp:372, state 318, "(((BUS.op==1)&&(BUS.op==4)))"
	_spin_nvr.tmp:372, state 318, "((BUS.op==1))"
	_spin_nvr.tmp:372, state 318, "((BUS.op==4))"
	_spin_nvr.tmp:372, state 318, "(1)"
	_spin_nvr.tmp:383, state 354, "(((((BUS.op==0)&&(BUS.op==1))&&(BUS.op==2))&&(BUS.op==4)))"
	_spin_nvr.tmp:383, state 354, "((((BUS.op==0)&&(BUS.op==1))&&(BUS.op==2)))"
	_spin_nvr.tmp:383, state 354, "((((BUS.op==0)&&(BUS.op==2))&&(BUS.op==4)))"
	_spin_nvr.tmp:383, state 354, "(((BUS.op==0)&&(BUS.op==2)))"
	_spin_nvr.tmp:383, state 354, "((((BUS.op==0)&&(BUS.op==1))&&(BUS.op==4)))"
	_spin_nvr.tmp:383, state 354, "(((BUS.op==0)&&(BUS.op==1)))"
	_spin_nvr.tmp:383, state 354, "(((BUS.op==0)&&(BUS.op==4)))"
	_spin_nvr.tmp:383, state 354, "((BUS.op==0))"
	_spin_nvr.tmp:383, state 354, "((((BUS.op==1)&&(BUS.op==2))&&(BUS.op==4)))"
	_spin_nvr.tmp:383, state 354, "(((BUS.op==1)&&(BUS.op==2)))"
	_spin_nvr.tmp:383, state 354, "(((BUS.op==1)&&(BUS.op==4)))"
	_spin_nvr.tmp:383, state 354, "((BUS.op==1))"
	_spin_nvr.tmp:383, state 354, "(((BUS.op==2)&&(BUS.op==4)))"
	_spin_nvr.tmp:383, state 354, "((BUS.op==2))"
	_spin_nvr.tmp:383, state 354, "((BUS.op==4))"
	_spin_nvr.tmp:383, state 354, "(1)"
	_spin_nvr.tmp:402, state 362, "((BUS.op==3))"
	_spin_nvr.tmp:402, state 362, "(1)"
	_spin_nvr.tmp:407, state 370, "((BUS.op==1))"
	_spin_nvr.tmp:407, state 370, "(1)"
	_spin_nvr.tmp:412, state 382, "(((BUS.op==1)&&(BUS.op==3)))"
	_spin_nvr.tmp:412, state 382, "((BUS.op==1))"
	_spin_nvr.tmp:412, state 382, "((BUS.op==3))"
	_spin_nvr.tmp:412, state 382, "(1)"
	_spin_nvr.tmp:419, state 390, "((BUS.op==2))"
	_spin_nvr.tmp:419, state 390, "(1)"
	_spin_nvr.tmp:424, state 402, "(((BUS.op==2)&&(BUS.op==3)))"
	_spin_nvr.tmp:424, state 402, "((BUS.op==2))"
	_spin_nvr.tmp:424, state 402, "((BUS.op==3))"
	_spin_nvr.tmp:424, state 402, "(1)"
	_spin_nvr.tmp:431, state 414, "(((BUS.op==1)&&(BUS.op==2)))"
	_spin_nvr.tmp:431, state 414, "((BUS.op==1))"
	_spin_nvr.tmp:431, state 414, "((BUS.op==2))"
	_spin_nvr.tmp:431, state 414, "(1)"
	_spin_nvr.tmp:438, state 434, "((((BUS.op==1)&&(BUS.op==2))&&(BUS.op==3)))"
	_spin_nvr.tmp:438, state 434, "(((BUS.op==1)&&(BUS.op==3)))"
	_spin_nvr.tmp:438, state 434, "((BUS.op==1))"
	_spin_nvr.tmp:438, state 434, "(((BUS.op==2)&&(BUS.op==3)))"
	_spin_nvr.tmp:438, state 434, "((BUS.op==2))"
	_spin_nvr.tmp:438, state 434, "((BUS.op==3))"
	_spin_nvr.tmp:438, state 434, "(1)"
	_spin_nvr.tmp:438, state 434, "(((BUS.op==1)&&(BUS.op==2)))"
	_spin_nvr.tmp:449, state 446, "(((BUS.op==0)&&(BUS.op==3)))"
	_spin_nvr.tmp:449, state 446, "((BUS.op==0))"
	_spin_nvr.tmp:449, state 446, "((BUS.op==3))"
	_spin_nvr.tmp:449, state 446, "(1)"
	_spin_nvr.tmp:456, state 458, "(((BUS.op==0)&&(BUS.op==2)))"
	_spin_nvr.tmp:456, state 458, "((BUS.op==0))"
	_spin_nvr.tmp:456, state 458, "((BUS.op==2))"
	_spin_nvr.tmp:456, state 458, "(1)"
	_spin_nvr.tmp:463, state 478, "((((BUS.op==0)&&(BUS.op==2))&&(BUS.op==3)))"
	_spin_nvr.tmp:463, state 478, "(((BUS.op==0)&&(BUS.op==3)))"
	_spin_nvr.tmp:463, state 478, "((BUS.op==0))"
	_spin_nvr.tmp:463, state 478, "(((BUS.op==2)&&(BUS.op==3)))"
	_spin_nvr.tmp:463, state 478, "((BUS.op==2))"
	_spin_nvr.tmp:463, state 478, "((BUS.op==3))"
	_spin_nvr.tmp:463, state 478, "(1)"
	_spin_nvr.tmp:463, state 478, "(((BUS.op==0)&&(BUS.op==2)))"
	_spin_nvr.tmp:474, state 490, "(((BUS.op==0)&&(BUS.op==1)))"
	_spin_nvr.tmp:474, state 490, "((BUS.op==0))"
	_spin_nvr.tmp:474, state 490, "((BUS.op==1))"
	_spin_nvr.tmp:474, state 490, "(1)"
	_spin_nvr.tmp:481, state 510, "((((BUS.op==0)&&(BUS.op==1))&&(BUS.op==3)))"
	_spin_nvr.tmp:481, state 510, "(((BUS.op==0)&&(BUS.op==3)))"
	_spin_nvr.tmp:481, state 510, "((BUS.op==0))"
	_spin_nvr.tmp:481, state 510, "(((BUS.op==1)&&(BUS.op==3)))"
	_spin_nvr.tmp:481, state 510, "((BUS.op==1))"
	_spin_nvr.tmp:481, state 510, "((BUS.op==3))"
	_spin_nvr.tmp:481, state 510, "(1)"
	_spin_nvr.tmp:481, state 510, "(((BUS.op==0)&&(BUS.op==1)))"
	_spin_nvr.tmp:492, state 530, "((((BUS.op==0)&&(BUS.op==1))&&(BUS.op==2)))"
	_spin_nvr.tmp:492, state 530, "(((BUS.op==0)&&(BUS.op==1)))"
	_spin_nvr.tmp:492, state 530, "(((BUS.op==0)&&(BUS.op==2)))"
	_spin_nvr.tmp:492, state 530, "((BUS.op==0))"
	_spin_nvr.tmp:492, state 530, "(((BUS.op==1)&&(BUS.op==2)))"
	_spin_nvr.tmp:492, state 530, "((BUS.op==1))"
	_spin_nvr.tmp:492, state 530, "((BUS.op==2))"
	_spin_nvr.tmp:492, state 530, "(1)"
	_spin_nvr.tmp:503, state 566, "(((((BUS.op==0)&&(BUS.op==1))&&(BUS.op==2))&&(BUS.op==3)))"
	_spin_nvr.tmp:503, state 566, "((((BUS.op==0)&&(BUS.op==1))&&(BUS.op==2)))"
	_spin_nvr.tmp:503, state 566, "((((BUS.op==0)&&(BUS.op==2))&&(BUS.op==3)))"
	_spin_nvr.tmp:503, state 566, "(((BUS.op==0)&&(BUS.op==2)))"
	_spin_nvr.tmp:503, state 566, "((((BUS.op==0)&&(BUS.op==1))&&(BUS.op==3)))"
	_spin_nvr.tmp:503, state 566, "(((BUS.op==0)&&(BUS.op==1)))"
	_spin_nvr.tmp:503, state 566, "(((BUS.op==0)&&(BUS.op==3)))"
	_spin_nvr.tmp:503, state 566, "((BUS.op==0))"
	_spin_nvr.tmp:503, state 566, "((((BUS.op==1)&&(BUS.op==2))&&(BUS.op==3)))"
	_spin_nvr.tmp:503, state 566, "(((BUS.op==1)&&(BUS.op==2)))"
	_spin_nvr.tmp:503, state 566, "(((BUS.op==1)&&(BUS.op==3)))"
	_spin_nvr.tmp:503, state 566, "((BUS.op==1))"
	_spin_nvr.tmp:503, state 566, "(((BUS.op==2)&&(BUS.op==3)))"
	_spin_nvr.tmp:503, state 566, "((BUS.op==2))"
	_spin_nvr.tmp:503, state 566, "((BUS.op==3))"
	_spin_nvr.tmp:503, state 566, "(1)"
	_spin_nvr.tmp:522, state 574, "((BUS.op==0))"
	_spin_nvr.tmp:522, state 574, "(1)"
	_spin_nvr.tmp:527, state 586, "(((BUS.op==0)&&(BUS.op==4)))"
	_spin_nvr.tmp:527, state 586, "((BUS.op==0))"
	_spin_nvr.tmp:527, state 586, "((BUS.op==4))"
	_spin_nvr.tmp:527, state 586, "(1)"
	_spin_nvr.tmp:534, state 606, "((((BUS.op==0)&&(BUS.op==2))&&(BUS.op==4)))"
	_spin_nvr.tmp:534, state 606, "(((BUS.op==0)&&(BUS.op==2)))"
	_spin_nvr.tmp:534, state 606, "(((BUS.op==0)&&(BUS.op==4)))"
	_spin_nvr.tmp:534, state 606, "((BUS.op==0))"
	_spin_nvr.tmp:534, state 606, "(((BUS.op==2)&&(BUS.op==4)))"
	_spin_nvr.tmp:534, state 606, "((BUS.op==2))"
	_spin_nvr.tmp:534, state 606, "((BUS.op==4))"
	_spin_nvr.tmp:534, state 606, "(1)"
	_spin_nvr.tmp:545, state 610, "-end-"
	(31 of 610 states)

pan: elapsed time 0.12 seconds
pan: rate 1431866.7 states/second
