pan: ltl formula permitted_states

(Spin Version 6.5.2 -- 6 December 2019)
	+ Partial Order Reduction
	+ Compression

Full statespace search for:
	never claim         	+ (permitted_states)
	assertion violations	+ (if within scope of claim)
	acceptance   cycles 	+ (fairness disabled)
	invalid end states	- (disabled by never claim)

State-vector 48 byte, depth reached 4568, errors: 0
     6689 states, stored
     7346 states, matched
    14035 transitions (= stored+matched)
    44769 atomic steps
hash conflicts:         0 (resolved)

Stats on memory usage (in Megabytes):
    0.485	equivalent memory usage for states (stored*(State-vector + overhead))
    0.778	actual memory usage for states
 2048.000	memory used for hash table (-w28)
75305.617	memory used for DFS stack (-m1410065408)
77354.301	total actual memory usage


nr of templates: [ 0:globals 1:chans 2:procs ]
collapse counts: [ 0:805 2:1336 ]
unreached in proctype proc
	mesi.i:243, state 14, "message.addr = CACHES[_pid].lines[(inst.addr&(1-1))].tag"
	mesi.i:243, state 198, "message.addr = CACHES[_pid].lines[(inst.addr&(1-1))].tag"
	mesi.i:476, state 297, "-end-"
	(3 of 297 states)
unreached in claim permitted_states
	_spin_nvr.tmp:8, state 10, "-end-"
	(1 of 10 states)
unreached in claim modified_implies_others_invalid
	_spin_nvr.tmp:17, state 10, "-end-"
	(1 of 10 states)
unreached in claim exclusive_implies_others_invalid
	_spin_nvr.tmp:26, state 10, "-end-"
	(1 of 10 states)
unreached in claim shared_implies_others_shared_or_invalid
	_spin_nvr.tmp:35, state 10, "-end-"
	(1 of 10 states)
unreached in claim validate_cache_state
	_spin_nvr.tmp:58, state 54, "((((CACHES[0].lines[0].state==1)&&(CACHES[0].lines[0].state==2))&&(CACHES[0].lines[0].state==3)))"
	_spin_nvr.tmp:58, state 54, "(((CACHES[0].lines[0].state==1)&&(CACHES[0].lines[0].state==2)))"
	_spin_nvr.tmp:58, state 54, "(((CACHES[0].lines[0].state==1)&&(CACHES[0].lines[0].state==3)))"
	_spin_nvr.tmp:58, state 54, "((CACHES[0].lines[0].state==1))"
	_spin_nvr.tmp:58, state 54, "(((CACHES[0].lines[0].state==2)&&(CACHES[0].lines[0].state==3)))"
	_spin_nvr.tmp:58, state 54, "((CACHES[0].lines[0].state==2))"
	_spin_nvr.tmp:58, state 54, "((CACHES[0].lines[0].state==3))"
	_spin_nvr.tmp:58, state 54, "(1)"
	_spin_nvr.tmp:69, state 66, "(((CACHES[0].lines[0].state==2)&&(CACHES[0].lines[0].state==3)))"
	_spin_nvr.tmp:69, state 66, "((CACHES[0].lines[0].state==2))"
	_spin_nvr.tmp:69, state 66, "((CACHES[0].lines[0].state==3))"
	_spin_nvr.tmp:69, state 66, "(1)"
	_spin_nvr.tmp:76, state 86, "((((CACHES[0].lines[0].state==0)&&(CACHES[0].lines[0].state==2))&&(CACHES[0].lines[0].state==3)))"
	_spin_nvr.tmp:76, state 86, "(((CACHES[0].lines[0].state==0)&&(CACHES[0].lines[0].state==2)))"
	_spin_nvr.tmp:76, state 86, "(((CACHES[0].lines[0].state==0)&&(CACHES[0].lines[0].state==3)))"
	_spin_nvr.tmp:76, state 86, "((CACHES[0].lines[0].state==0))"
	_spin_nvr.tmp:76, state 86, "(((CACHES[0].lines[0].state==2)&&(CACHES[0].lines[0].state==3)))"
	_spin_nvr.tmp:76, state 86, "((CACHES[0].lines[0].state==2))"
	_spin_nvr.tmp:76, state 86, "((CACHES[0].lines[0].state==3))"
	_spin_nvr.tmp:76, state 86, "(1)"
	_spin_nvr.tmp:87, state 94, "((CACHES[0].lines[0].state==3))"
	_spin_nvr.tmp:87, state 94, "(1)"
	_spin_nvr.tmp:92, state 106, "(((CACHES[0].lines[0].state==1)&&(CACHES[0].lines[0].state==3)))"
	_spin_nvr.tmp:92, state 106, "((CACHES[0].lines[0].state==1))"
	_spin_nvr.tmp:92, state 106, "((CACHES[0].lines[0].state==3))"
	_spin_nvr.tmp:92, state 106, "(1)"
	_spin_nvr.tmp:99, state 118, "(((CACHES[0].lines[0].state==0)&&(CACHES[0].lines[0].state==3)))"
	_spin_nvr.tmp:99, state 118, "((CACHES[0].lines[0].state==0))"
	_spin_nvr.tmp:99, state 118, "((CACHES[0].lines[0].state==3))"
	_spin_nvr.tmp:99, state 118, "(1)"
	_spin_nvr.tmp:106, state 138, "((((CACHES[0].lines[0].state==0)&&(CACHES[0].lines[0].state==1))&&(CACHES[0].lines[0].state==3)))"
	_spin_nvr.tmp:106, state 138, "(((CACHES[0].lines[0].state==0)&&(CACHES[0].lines[0].state==1)))"
	_spin_nvr.tmp:106, state 138, "(((CACHES[0].lines[0].state==0)&&(CACHES[0].lines[0].state==3)))"
	_spin_nvr.tmp:106, state 138, "((CACHES[0].lines[0].state==0))"
	_spin_nvr.tmp:106, state 138, "(((CACHES[0].lines[0].state==1)&&(CACHES[0].lines[0].state==3)))"
	_spin_nvr.tmp:106, state 138, "((CACHES[0].lines[0].state==1))"
	_spin_nvr.tmp:106, state 138, "((CACHES[0].lines[0].state==3))"
	_spin_nvr.tmp:106, state 138, "(1)"
	_spin_nvr.tmp:117, state 146, "((CACHES[0].lines[0].state==2))"
	_spin_nvr.tmp:117, state 146, "(1)"
	_spin_nvr.tmp:122, state 154, "((CACHES[0].lines[0].state==1))"
	_spin_nvr.tmp:122, state 154, "(1)"
	_spin_nvr.tmp:127, state 166, "(((CACHES[0].lines[0].state==1)&&(CACHES[0].lines[0].state==2)))"
	_spin_nvr.tmp:127, state 166, "((CACHES[0].lines[0].state==1))"
	_spin_nvr.tmp:127, state 166, "((CACHES[0].lines[0].state==2))"
	_spin_nvr.tmp:127, state 166, "(1)"
	_spin_nvr.tmp:134, state 174, "((CACHES[0].lines[0].state==0))"
	_spin_nvr.tmp:134, state 174, "(1)"
	_spin_nvr.tmp:139, state 186, "(((CACHES[0].lines[0].state==0)&&(CACHES[0].lines[0].state==2)))"
	_spin_nvr.tmp:139, state 186, "((CACHES[0].lines[0].state==0))"
	_spin_nvr.tmp:139, state 186, "((CACHES[0].lines[0].state==2))"
	_spin_nvr.tmp:139, state 186, "(1)"
	_spin_nvr.tmp:146, state 198, "(((CACHES[0].lines[0].state==0)&&(CACHES[0].lines[0].state==1)))"
	_spin_nvr.tmp:146, state 198, "((CACHES[0].lines[0].state==0))"
	_spin_nvr.tmp:146, state 198, "((CACHES[0].lines[0].state==1))"
	_spin_nvr.tmp:146, state 198, "(1)"
	_spin_nvr.tmp:153, state 218, "((((CACHES[0].lines[0].state==0)&&(CACHES[0].lines[0].state==1))&&(CACHES[0].lines[0].state==2)))"
	_spin_nvr.tmp:153, state 218, "(((CACHES[0].lines[0].state==0)&&(CACHES[0].lines[0].state==1)))"
	_spin_nvr.tmp:153, state 218, "(((CACHES[0].lines[0].state==0)&&(CACHES[0].lines[0].state==2)))"
	_spin_nvr.tmp:153, state 218, "((CACHES[0].lines[0].state==0))"
	_spin_nvr.tmp:153, state 218, "(((CACHES[0].lines[0].state==1)&&(CACHES[0].lines[0].state==2)))"
	_spin_nvr.tmp:153, state 218, "((CACHES[0].lines[0].state==1))"
	_spin_nvr.tmp:153, state 218, "((CACHES[0].lines[0].state==2))"
	_spin_nvr.tmp:153, state 218, "(1)"
	_spin_nvr.tmp:164, state 222, "-end-"
	(15 of 222 states)
unreached in claim validate_cache_tag
	_spin_nvr.tmp:175, state 18, "((CACHES[0].lines[0].tag==0))"
	_spin_nvr.tmp:175, state 18, "(1)"
	_spin_nvr.tmp:180, state 26, "((CACHES[0].lines[0].tag!=0))"
	_spin_nvr.tmp:180, state 26, "(1)"
	_spin_nvr.tmp:185, state 30, "-end-"
	(3 of 30 states)
unreached in claim validate_bus
	_spin_nvr.tmp:224, state 102, "(((((BUS.op==1)&&(BUS.op==2))&&(BUS.op==3))&&(BUS.op==4)))"
	_spin_nvr.tmp:224, state 102, "((((BUS.op==1)&&(BUS.op==2))&&(BUS.op==3)))"
	_spin_nvr.tmp:224, state 102, "((((BUS.op==1)&&(BUS.op==3))&&(BUS.op==4)))"
	_spin_nvr.tmp:224, state 102, "(((BUS.op==1)&&(BUS.op==3)))"
	_spin_nvr.tmp:224, state 102, "((((BUS.op==1)&&(BUS.op==2))&&(BUS.op==4)))"
	_spin_nvr.tmp:224, state 102, "(((BUS.op==1)&&(BUS.op==2)))"
	_spin_nvr.tmp:224, state 102, "(((BUS.op==1)&&(BUS.op==4)))"
	_spin_nvr.tmp:224, state 102, "((BUS.op==1))"
	_spin_nvr.tmp:224, state 102, "((((BUS.op==2)&&(BUS.op==3))&&(BUS.op==4)))"
	_spin_nvr.tmp:224, state 102, "(((BUS.op==2)&&(BUS.op==3)))"
	_spin_nvr.tmp:224, state 102, "(((BUS.op==2)&&(BUS.op==4)))"
	_spin_nvr.tmp:224, state 102, "((BUS.op==2))"
	_spin_nvr.tmp:224, state 102, "(((BUS.op==3)&&(BUS.op==4)))"
	_spin_nvr.tmp:224, state 102, "((BUS.op==3))"
	_spin_nvr.tmp:224, state 102, "((BUS.op==4))"
	_spin_nvr.tmp:224, state 102, "(1)"
	_spin_nvr.tmp:243, state 122, "((((BUS.op==2)&&(BUS.op==3))&&(BUS.op==4)))"
	_spin_nvr.tmp:243, state 122, "(((BUS.op==2)&&(BUS.op==3)))"
	_spin_nvr.tmp:243, state 122, "(((BUS.op==2)&&(BUS.op==4)))"
	_spin_nvr.tmp:243, state 122, "((BUS.op==2))"
	_spin_nvr.tmp:243, state 122, "(((BUS.op==3)&&(BUS.op==4)))"
	_spin_nvr.tmp:243, state 122, "((BUS.op==3))"
	_spin_nvr.tmp:243, state 122, "((BUS.op==4))"
	_spin_nvr.tmp:243, state 122, "(1)"
	_spin_nvr.tmp:254, state 158, "(((((BUS.op==0)&&(BUS.op==2))&&(BUS.op==3))&&(BUS.op==4)))"
	_spin_nvr.tmp:254, state 158, "((((BUS.op==0)&&(BUS.op==2))&&(BUS.op==3)))"
	_spin_nvr.tmp:254, state 158, "((((BUS.op==0)&&(BUS.op==3))&&(BUS.op==4)))"
	_spin_nvr.tmp:254, state 158, "(((BUS.op==0)&&(BUS.op==3)))"
	_spin_nvr.tmp:254, state 158, "((((BUS.op==0)&&(BUS.op==2))&&(BUS.op==4)))"
	_spin_nvr.tmp:254, state 158, "(((BUS.op==0)&&(BUS.op==2)))"
	_spin_nvr.tmp:254, state 158, "(((BUS.op==0)&&(BUS.op==4)))"
	_spin_nvr.tmp:254, state 158, "((BUS.op==0))"
	_spin_nvr.tmp:254, state 158, "((((BUS.op==2)&&(BUS.op==3))&&(BUS.op==4)))"
	_spin_nvr.tmp:254, state 158, "(((BUS.op==2)&&(BUS.op==3)))"
	_spin_nvr.tmp:254, state 158, "(((BUS.op==2)&&(BUS.op==4)))"
	_spin_nvr.tmp:254, state 158, "((BUS.op==2))"
	_spin_nvr.tmp:254, state 158, "(((BUS.op==3)&&(BUS.op==4)))"
	_spin_nvr.tmp:254, state 158, "((BUS.op==3))"
	_spin_nvr.tmp:254, state 158, "((BUS.op==4))"
	_spin_nvr.tmp:254, state 158, "(1)"
	_spin_nvr.tmp:273, state 170, "(((BUS.op==3)&&(BUS.op==4)))"
	_spin_nvr.tmp:273, state 170, "((BUS.op==3))"
	_spin_nvr.tmp:273, state 170, "((BUS.op==4))"
	_spin_nvr.tmp:273, state 170, "(1)"
	_spin_nvr.tmp:280, state 190, "((((BUS.op==1)&&(BUS.op==3))&&(BUS.op==4)))"
	_spin_nvr.tmp:280, state 190, "(((BUS.op==1)&&(BUS.op==3)))"
	_spin_nvr.tmp:280, state 190, "(((BUS.op==1)&&(BUS.op==4)))"
	_spin_nvr.tmp:280, state 190, "((BUS.op==1))"
	_spin_nvr.tmp:280, state 190, "(((BUS.op==3)&&(BUS.op==4)))"
	_spin_nvr.tmp:280, state 190, "((BUS.op==3))"
	_spin_nvr.tmp:280, state 190, "((BUS.op==4))"
	_spin_nvr.tmp:280, state 190, "(1)"
	_spin_nvr.tmp:291, state 210, "((((BUS.op==0)&&(BUS.op==3))&&(BUS.op==4)))"
	_spin_nvr.tmp:291, state 210, "(((BUS.op==0)&&(BUS.op==3)))"
	_spin_nvr.tmp:291, state 210, "(((BUS.op==0)&&(BUS.op==4)))"
	_spin_nvr.tmp:291, state 210, "((BUS.op==0))"
	_spin_nvr.tmp:291, state 210, "(((BUS.op==3)&&(BUS.op==4)))"
	_spin_nvr.tmp:291, state 210, "((BUS.op==3))"
	_spin_nvr.tmp:291, state 210, "((BUS.op==4))"
	_spin_nvr.tmp:291, state 210, "(1)"
	_spin_nvr.tmp:302, state 246, "(((((BUS.op==0)&&(BUS.op==1))&&(BUS.op==3))&&(BUS.op==4)))"
	_spin_nvr.tmp:302, state 246, "((((BUS.op==0)&&(BUS.op==1))&&(BUS.op==3)))"
	_spin_nvr.tmp:302, state 246, "((((BUS.op==0)&&(BUS.op==3))&&(BUS.op==4)))"
	_spin_nvr.tmp:302, state 246, "(((BUS.op==0)&&(BUS.op==3)))"
	_spin_nvr.tmp:302, state 246, "((((BUS.op==0)&&(BUS.op==1))&&(BUS.op==4)))"
	_spin_nvr.tmp:302, state 246, "(((BUS.op==0)&&(BUS.op==1)))"
	_spin_nvr.tmp:302, state 246, "(((BUS.op==0)&&(BUS.op==4)))"
	_spin_nvr.tmp:302, state 246, "((BUS.op==0))"
	_spin_nvr.tmp:302, state 246, "((((BUS.op==1)&&(BUS.op==3))&&(BUS.op==4)))"
	_spin_nvr.tmp:302, state 246, "(((BUS.op==1)&&(BUS.op==3)))"
	_spin_nvr.tmp:302, state 246, "(((BUS.op==1)&&(BUS.op==4)))"
	_spin_nvr.tmp:302, state 246, "((BUS.op==1))"
	_spin_nvr.tmp:302, state 246, "(((BUS.op==3)&&(BUS.op==4)))"
	_spin_nvr.tmp:302, state 246, "((BUS.op==3))"
	_spin_nvr.tmp:302, state 246, "((BUS.op==4))"
	_spin_nvr.tmp:302, state 246, "(1)"
	_spin_nvr.tmp:321, state 254, "((BUS.op==4))"
	_spin_nvr.tmp:321, state 254, "(1)"
	_spin_nvr.tmp:326, state 266, "(((BUS.op==1)&&(BUS.op==4)))"
	_spin_nvr.tmp:326, state 266, "((BUS.op==1))"
	_spin_nvr.tmp:326, state 266, "((BUS.op==4))"
	_spin_nvr.tmp:326, state 266, "(1)"
	_spin_nvr.tmp:333, state 278, "(((BUS.op==2)&&(BUS.op==4)))"
	_spin_nvr.tmp:333, state 278, "((BUS.op==2))"
	_spin_nvr.tmp:333, state 278, "((BUS.op==4))"
	_spin_nvr.tmp:333, state 278, "(1)"
	_spin_nvr.tmp:340, state 298, "((((BUS.op==1)&&(BUS.op==2))&&(BUS.op==4)))"
	_spin_nvr.tmp:340, state 298, "(((BUS.op==1)&&(BUS.op==2)))"
	_spin_nvr.tmp:340, state 298, "(((BUS.op==1)&&(BUS.op==4)))"
	_spin_nvr.tmp:340, state 298, "((BUS.op==1))"
	_spin_nvr.tmp:340, state 298, "(((BUS.op==2)&&(BUS.op==4)))"
	_spin_nvr.tmp:340, state 298, "((BUS.op==2))"
	_spin_nvr.tmp:340, state 298, "((BUS.op==4))"
	_spin_nvr.tmp:340, state 298, "(1)"
	_spin_nvr.tmp:351, state 318, "((((BUS.op==0)&&(BUS.op==1))&&(BUS.op==4)))"
	_spin_nvr.tmp:351, state 318, "(((BUS.op==0)&&(BUS.op==1)))"
	_spin_nvr.tmp:351, state 318, "(((BUS.op==0)&&(BUS.op==4)))"
	_spin_nvr.tmp:351, state 318, "((BUS.op==0))"
	_spin_nvr.tmp:351, state 318, "(((BUS.op==1)&&(BUS.op==4)))"
	_spin_nvr.tmp:351, state 318, "((BUS.op==1))"
	_spin_nvr.tmp:351, state 318, "((BUS.op==4))"
	_spin_nvr.tmp:351, state 318, "(1)"
	_spin_nvr.tmp:362, state 354, "(((((BUS.op==0)&&(BUS.op==1))&&(BUS.op==2))&&(BUS.op==4)))"
	_spin_nvr.tmp:362, state 354, "((((BUS.op==0)&&(BUS.op==1))&&(BUS.op==2)))"
	_spin_nvr.tmp:362, state 354, "((((BUS.op==0)&&(BUS.op==2))&&(BUS.op==4)))"
	_spin_nvr.tmp:362, state 354, "(((BUS.op==0)&&(BUS.op==2)))"
	_spin_nvr.tmp:362, state 354, "((((BUS.op==0)&&(BUS.op==1))&&(BUS.op==4)))"
	_spin_nvr.tmp:362, state 354, "(((BUS.op==0)&&(BUS.op==1)))"
	_spin_nvr.tmp:362, state 354, "(((BUS.op==0)&&(BUS.op==4)))"
	_spin_nvr.tmp:362, state 354, "((BUS.op==0))"
	_spin_nvr.tmp:362, state 354, "((((BUS.op==1)&&(BUS.op==2))&&(BUS.op==4)))"
	_spin_nvr.tmp:362, state 354, "(((BUS.op==1)&&(BUS.op==2)))"
	_spin_nvr.tmp:362, state 354, "(((BUS.op==1)&&(BUS.op==4)))"
	_spin_nvr.tmp:362, state 354, "((BUS.op==1))"
	_spin_nvr.tmp:362, state 354, "(((BUS.op==2)&&(BUS.op==4)))"
	_spin_nvr.tmp:362, state 354, "((BUS.op==2))"
	_spin_nvr.tmp:362, state 354, "((BUS.op==4))"
	_spin_nvr.tmp:362, state 354, "(1)"
	_spin_nvr.tmp:381, state 362, "((BUS.op==3))"
	_spin_nvr.tmp:381, state 362, "(1)"
	_spin_nvr.tmp:386, state 370, "((BUS.op==1))"
	_spin_nvr.tmp:386, state 370, "(1)"
	_spin_nvr.tmp:391, state 382, "(((BUS.op==1)&&(BUS.op==3)))"
	_spin_nvr.tmp:391, state 382, "((BUS.op==1))"
	_spin_nvr.tmp:391, state 382, "((BUS.op==3))"
	_spin_nvr.tmp:391, state 382, "(1)"
	_spin_nvr.tmp:398, state 390, "((BUS.op==2))"
	_spin_nvr.tmp:398, state 390, "(1)"
	_spin_nvr.tmp:403, state 402, "(((BUS.op==2)&&(BUS.op==3)))"
	_spin_nvr.tmp:403, state 402, "((BUS.op==2))"
	_spin_nvr.tmp:403, state 402, "((BUS.op==3))"
	_spin_nvr.tmp:403, state 402, "(1)"
	_spin_nvr.tmp:410, state 414, "(((BUS.op==1)&&(BUS.op==2)))"
	_spin_nvr.tmp:410, state 414, "((BUS.op==1))"
	_spin_nvr.tmp:410, state 414, "((BUS.op==2))"
	_spin_nvr.tmp:410, state 414, "(1)"
	_spin_nvr.tmp:417, state 434, "((((BUS.op==1)&&(BUS.op==2))&&(BUS.op==3)))"
	_spin_nvr.tmp:417, state 434, "(((BUS.op==1)&&(BUS.op==3)))"
	_spin_nvr.tmp:417, state 434, "((BUS.op==1))"
	_spin_nvr.tmp:417, state 434, "(((BUS.op==2)&&(BUS.op==3)))"
	_spin_nvr.tmp:417, state 434, "((BUS.op==2))"
	_spin_nvr.tmp:417, state 434, "((BUS.op==3))"
	_spin_nvr.tmp:417, state 434, "(1)"
	_spin_nvr.tmp:417, state 434, "(((BUS.op==1)&&(BUS.op==2)))"
	_spin_nvr.tmp:428, state 446, "(((BUS.op==0)&&(BUS.op==3)))"
	_spin_nvr.tmp:428, state 446, "((BUS.op==0))"
	_spin_nvr.tmp:428, state 446, "((BUS.op==3))"
	_spin_nvr.tmp:428, state 446, "(1)"
	_spin_nvr.tmp:435, state 458, "(((BUS.op==0)&&(BUS.op==2)))"
	_spin_nvr.tmp:435, state 458, "((BUS.op==0))"
	_spin_nvr.tmp:435, state 458, "((BUS.op==2))"
	_spin_nvr.tmp:435, state 458, "(1)"
	_spin_nvr.tmp:442, state 478, "((((BUS.op==0)&&(BUS.op==2))&&(BUS.op==3)))"
	_spin_nvr.tmp:442, state 478, "(((BUS.op==0)&&(BUS.op==3)))"
	_spin_nvr.tmp:442, state 478, "((BUS.op==0))"
	_spin_nvr.tmp:442, state 478, "(((BUS.op==2)&&(BUS.op==3)))"
	_spin_nvr.tmp:442, state 478, "((BUS.op==2))"
	_spin_nvr.tmp:442, state 478, "((BUS.op==3))"
	_spin_nvr.tmp:442, state 478, "(1)"
	_spin_nvr.tmp:442, state 478, "(((BUS.op==0)&&(BUS.op==2)))"
	_spin_nvr.tmp:453, state 490, "(((BUS.op==0)&&(BUS.op==1)))"
	_spin_nvr.tmp:453, state 490, "((BUS.op==0))"
	_spin_nvr.tmp:453, state 490, "((BUS.op==1))"
	_spin_nvr.tmp:453, state 490, "(1)"
	_spin_nvr.tmp:460, state 510, "((((BUS.op==0)&&(BUS.op==1))&&(BUS.op==3)))"
	_spin_nvr.tmp:460, state 510, "(((BUS.op==0)&&(BUS.op==3)))"
	_spin_nvr.tmp:460, state 510, "((BUS.op==0))"
	_spin_nvr.tmp:460, state 510, "(((BUS.op==1)&&(BUS.op==3)))"
	_spin_nvr.tmp:460, state 510, "((BUS.op==1))"
	_spin_nvr.tmp:460, state 510, "((BUS.op==3))"
	_spin_nvr.tmp:460, state 510, "(1)"
	_spin_nvr.tmp:460, state 510, "(((BUS.op==0)&&(BUS.op==1)))"
	_spin_nvr.tmp:471, state 530, "((((BUS.op==0)&&(BUS.op==1))&&(BUS.op==2)))"
	_spin_nvr.tmp:471, state 530, "(((BUS.op==0)&&(BUS.op==1)))"
	_spin_nvr.tmp:471, state 530, "(((BUS.op==0)&&(BUS.op==2)))"
	_spin_nvr.tmp:471, state 530, "((BUS.op==0))"
	_spin_nvr.tmp:471, state 530, "(((BUS.op==1)&&(BUS.op==2)))"
	_spin_nvr.tmp:471, state 530, "((BUS.op==1))"
	_spin_nvr.tmp:471, state 530, "((BUS.op==2))"
	_spin_nvr.tmp:471, state 530, "(1)"
	_spin_nvr.tmp:482, state 566, "(((((BUS.op==0)&&(BUS.op==1))&&(BUS.op==2))&&(BUS.op==3)))"
	_spin_nvr.tmp:482, state 566, "((((BUS.op==0)&&(BUS.op==1))&&(BUS.op==2)))"
	_spin_nvr.tmp:482, state 566, "((((BUS.op==0)&&(BUS.op==2))&&(BUS.op==3)))"
	_spin_nvr.tmp:482, state 566, "(((BUS.op==0)&&(BUS.op==2)))"
	_spin_nvr.tmp:482, state 566, "((((BUS.op==0)&&(BUS.op==1))&&(BUS.op==3)))"
	_spin_nvr.tmp:482, state 566, "(((BUS.op==0)&&(BUS.op==1)))"
	_spin_nvr.tmp:482, state 566, "(((BUS.op==0)&&(BUS.op==3)))"
	_spin_nvr.tmp:482, state 566, "((BUS.op==0))"
	_spin_nvr.tmp:482, state 566, "((((BUS.op==1)&&(BUS.op==2))&&(BUS.op==3)))"
	_spin_nvr.tmp:482, state 566, "(((BUS.op==1)&&(BUS.op==2)))"
	_spin_nvr.tmp:482, state 566, "(((BUS.op==1)&&(BUS.op==3)))"
	_spin_nvr.tmp:482, state 566, "((BUS.op==1))"
	_spin_nvr.tmp:482, state 566, "(((BUS.op==2)&&(BUS.op==3)))"
	_spin_nvr.tmp:482, state 566, "((BUS.op==2))"
	_spin_nvr.tmp:482, state 566, "((BUS.op==3))"
	_spin_nvr.tmp:482, state 566, "(1)"
	_spin_nvr.tmp:501, state 574, "((BUS.op==0))"
	_spin_nvr.tmp:501, state 574, "(1)"
	_spin_nvr.tmp:506, state 586, "(((BUS.op==0)&&(BUS.op==4)))"
	_spin_nvr.tmp:506, state 586, "((BUS.op==0))"
	_spin_nvr.tmp:506, state 586, "((BUS.op==4))"
	_spin_nvr.tmp:506, state 586, "(1)"
	_spin_nvr.tmp:513, state 606, "((((BUS.op==0)&&(BUS.op==2))&&(BUS.op==4)))"
	_spin_nvr.tmp:513, state 606, "(((BUS.op==0)&&(BUS.op==2)))"
	_spin_nvr.tmp:513, state 606, "(((BUS.op==0)&&(BUS.op==4)))"
	_spin_nvr.tmp:513, state 606, "((BUS.op==0))"
	_spin_nvr.tmp:513, state 606, "(((BUS.op==2)&&(BUS.op==4)))"
	_spin_nvr.tmp:513, state 606, "((BUS.op==2))"
	_spin_nvr.tmp:513, state 606, "((BUS.op==4))"
	_spin_nvr.tmp:513, state 606, "(1)"
	_spin_nvr.tmp:524, state 610, "-end-"
	(31 of 610 states)

pan: elapsed time 0.02 seconds
pan: rate    334450 states/second
